epoch 1, train loss : 9.105264663696289
epoch 2, train loss : 4.5634613037109375
epoch 3, train loss : 3.5714964866638184
epoch 4, train loss : 2.417588233947754
epoch 5, train loss : 1.669548749923706
iou : 0.26149839605354186
alignment : 0.00455139779435808
overlap : 6.645796035317284
eval loss : 0.8189476132392883
epoch 6, train loss : 1.0651509761810303
epoch 7, train loss : 0.7954169511795044
epoch 8, train loss : 0.5964065790176392
epoch 9, train loss : 0.46380114555358887
epoch 10, train loss : 0.3470844030380249
iou : 0.27623469171993226
alignment : 0.0045754605117554505
overlap : 6.967137346142614
eval loss : 0.11574429273605347
epoch 11, train loss : 0.2988583743572235
epoch 12, train loss : 0.2292463630437851
epoch 13, train loss : 0.20323356986045837
epoch 14, train loss : 0.18376483023166656
epoch 15, train loss : 0.19654832780361176
iou : 0.26502752334394625
alignment : 0.004289230990438694
overlap : 6.627140270017739
eval loss : 0.0363177340477705
epoch 16, train loss : 0.178012877702713
epoch 17, train loss : 0.17645850777626038
epoch 18, train loss : 0.14378289878368378
epoch 19, train loss : 0.14825472235679626
epoch 20, train loss : 0.15421897172927856
iou : 0.2625568081055268
alignment : 0.004694652726541553
overlap : 6.783229991241964
eval loss : 0.02408892009407282
epoch 21, train loss : 0.14753614366054535
epoch 22, train loss : 0.11332066357135773
epoch 23, train loss : 0.13314147293567657
epoch 24, train loss : 0.16406112909317017
epoch 25, train loss : 0.15448591113090515
iou : 0.2707834096846181
alignment : 0.004527615420010896
overlap : 6.763387091680713
eval loss : 0.020765586756169796
epoch 26, train loss : 0.10709331184625626
epoch 27, train loss : 0.09768055379390717
epoch 28, train loss : 0.13794055581092834
epoch 29, train loss : 0.11564633250236511
epoch 30, train loss : 0.13311181962490082
iou : 0.2576587444333035
alignment : 0.004647087977847188
overlap : 6.665739890426064
eval loss : 0.01987380813807249
epoch 31, train loss : 0.1288878321647644
epoch 32, train loss : 0.1188478097319603
iou : 0.27251156785157676
alignment : 0.003669796801907817
overlap : 6.043162268632597
eval loss : 0.020449326721145147
iou : 0.272549685042833
alignment : 0.003668712046986545
overlap : 6.042418456084999
eval loss : 0.020337300041495865
iou : 0.2724804351257471
alignment : 0.0036705724518284193
overlap : 6.043165546769956
eval loss : 0.020371881661130423
epoch 1, train loss : 0.06589657068252563
epoch 2, train loss : 0.048269934952259064
epoch 3, train loss : 0.0546424463391304
