epoch 0, train loss : 8.690059661865234
iou : 1.4658156243331266
alignment : 1.4658156243331266
overlap : 1.4658156243331266
eval loss : 1.4658156243331266
epoch 0, train loss : 8.804559707641602
iou : 1.5544424118955098
alignment : inf
overlap : 44.45677838288378
eval loss : 5.043991804122925
epoch 0, train loss : 8.912477493286133
iou : 1.6942270243480417
alignment : inf
overlap : 44.89936837583121
eval loss : 4.954301357269287
epoch 0, train loss : 8.94327449798584
iou : 1.5325541817836767
alignment : inf
overlap : 43.36465905409744
eval loss : 4.845698833465576
epoch 1, train loss : 4.1463727951049805
epoch 2, train loss : 3.6279683113098145
epoch 3, train loss : 2.3012404441833496
epoch 4, train loss : 1.5471283197402954
epoch 5, train loss : 1.116586446762085
iou : 1.6924093733105
alignment : inf
overlap : 49.54252127686863
eval loss : 0.5137238502502441
epoch 6, train loss : 0.7744924426078796
epoch 7, train loss : 0.5810710191726685
epoch 8, train loss : 0.5425897836685181
epoch 9, train loss : 0.29986321926116943
epoch 10, train loss : 0.25017282366752625
iou : 1.7192646033536558
alignment : inf
overlap : 51.033382785095654
eval loss : 0.056123046204447746
epoch 11, train loss : 0.16754946112632751
epoch 12, train loss : 0.1626218557357788
epoch 13, train loss : 0.15664662420749664
epoch 14, train loss : 0.1796051412820816
epoch 15, train loss : 0.17845666408538818
iou : 1.5599718467502568
alignment : inf
overlap : 46.05215274409932
eval loss : 0.017318055033683777
epoch 16, train loss : 0.10352704674005508
epoch 17, train loss : 0.11735649406909943
epoch 18, train loss : 0.11529141664505005
epoch 19, train loss : 0.12199461460113525
epoch 20, train loss : 0.11162770539522171
iou : 1.6761392856501607
alignment : inf
overlap : 49.76904170028527
eval loss : 0.008315306156873703
epoch 21, train loss : 0.11372024565935135
epoch 22, train loss : 0.11390289664268494
epoch 0, train loss : 8.874637603759766
iou : 1.5997571195926283
alignment : inf
overlap : 45.892045815330846
eval loss : 4.930111646652222
epoch 1, train loss : 5.105632781982422
epoch 2, train loss : 3.0573315620422363
epoch 3, train loss : 2.3640739917755127
epoch 4, train loss : 1.5590401887893677
epoch 5, train loss : 0.9955424666404724
iou : 1.5867813379550078
alignment : inf
overlap : 45.493658230464064
eval loss : 0.5126553475856781
epoch 6, train loss : 0.7406002879142761
epoch 7, train loss : 0.5004372596740723
epoch 8, train loss : 0.38431432843208313
epoch 9, train loss : 0.2962230145931244
epoch 10, train loss : 0.22429102659225464
iou : 1.6043971052488346
alignment : inf
overlap : 47.01746055316198
eval loss : 0.05847809836268425
epoch 0, train loss : 9.086910247802734
iou : 1.2686409597558357
alignment : inf
overlap : 32.0051450571343
eval loss : 5.065030813217163
epoch 1, train loss : 4.796418190002441
epoch 2, train loss : 3.490983486175537
epoch 3, train loss : 2.4146687984466553
epoch 4, train loss : 1.4888373613357544
epoch 5, train loss : 0.9835650324821472
iou : 1.6291656068449982
alignment : inf
overlap : 48.30701266638589
eval loss : 0.5203412473201752
epoch 6, train loss : 0.7504554986953735
epoch 7, train loss : 0.5229283571243286
epoch 8, train loss : 0.37562096118927
epoch 9, train loss : 0.305992066860199
epoch 10, train loss : 0.22280558943748474
iou : 1.6230992331840022
alignment : inf
overlap : 47.70474331506642
eval loss : 0.06030362844467163
epoch 1, train loss : 9.163249015808105
epoch 2, train loss : 4.300772666931152
epoch 3, train loss : 3.4761877059936523
epoch 4, train loss : 2.3930468559265137
epoch 5, train loss : 1.5144003629684448
iou : 1.6942045047645253
alignment : inf
overlap : 49.783709591522054
eval loss : 0.8169099390506744
epoch 6, train loss : 1.0137299299240112
epoch 7, train loss : 0.7710521221160889
epoch 8, train loss : 0.5226057767868042
epoch 1, train loss : 9.165519714355469
epoch 2, train loss : 4.862278938293457
epoch 3, train loss : 3.187347173690796
epoch 4, train loss : 2.4318759441375732
epoch 5, train loss : 1.6463520526885986
iou : 0.2573788892818587
alignment : inf
overlap : 5.5201084895679084
eval loss : 0.8026652932167053
epoch 6, train loss : 1.0546541213989258
epoch 7, train loss : 0.7269024848937988
epoch 1, train loss : 9.039705276489258
epoch 2, train loss : 4.831583023071289
epoch 3, train loss : 3.407280921936035
epoch 4, train loss : 2.340996742248535
epoch 5, train loss : 1.554079532623291
iou : 0.26710877378890047
alignment : inf
overlap : 5.944842676302465
eval loss : 0.7805938422679901
epoch 6, train loss : 1.0224111080169678
epoch 7, train loss : 0.7280751466751099
epoch 8, train loss : 0.5217232704162598
epoch 1, train loss : 9.026729583740234
epoch 2, train loss : 4.4436140060424805
epoch 3, train loss : 3.3386964797973633
epoch 4, train loss : 2.307865619659424
epoch 5, train loss : 1.6074918508529663
iou : 0.26482962305215596
alignment : inf
overlap : 6.051095994370229
eval loss : 0.8660739064216614
epoch 6, train loss : 1.1357755661010742
epoch 7, train loss : 0.7452380061149597
epoch 8, train loss : 0.5430911779403687
epoch 9, train loss : 0.4059692323207855
epoch 10, train loss : 0.2909567356109619
iou : 0.26970384837178996
alignment : inf
overlap : 5.879631605104297
eval loss : 0.08584337681531906
epoch 11, train loss : 0.2196146547794342
epoch 12, train loss : 0.2202160358428955
epoch 13, train loss : 0.19968241453170776
epoch 14, train loss : 0.14625227451324463
epoch 15, train loss : 0.16306763887405396
iou : 0.2631943365146495
alignment : inf
overlap : 5.906707308590747
eval loss : 0.02066195383667946
epoch 16, train loss : 0.12750768661499023
epoch 17, train loss : 0.13948765397071838
epoch 18, train loss : 0.1230391189455986
epoch 19, train loss : 0.12022942304611206
epoch 20, train loss : 0.16068264842033386
iou : 0.2621252782927692
alignment : inf
overlap : 5.705981815259007
eval loss : 0.009507507085800171
epoch 21, train loss : 0.11896993219852448
epoch 22, train loss : 0.09639228880405426
epoch 23, train loss : 0.12324957549571991
epoch 24, train loss : 0.10881341993808746
epoch 25, train loss : 0.11572009325027466
iou : 0.2823449544088115
alignment : inf
overlap : 6.345496194386524
eval loss : 0.006104462314397097
epoch 26, train loss : 0.11343808472156525
epoch 27, train loss : 0.1261155605316162
epoch 28, train loss : 0.11098094284534454
epoch 29, train loss : 0.11307686567306519
epoch 30, train loss : 0.11420878767967224
iou : 0.26522746239046135
alignment : inf
overlap : 5.869905629649128
eval loss : 0.004585463088005781
epoch 31, train loss : 0.10632194578647614
epoch 32, train loss : 0.12714922428131104
epoch 33, train loss : 0.10391238331794739
epoch 34, train loss : 0.09914129972457886
epoch 35, train loss : 0.10657303035259247
iou : 0.2601006524019209
alignment : inf
overlap : 5.809621199893886
eval loss : 0.003951335325837135
epoch 36, train loss : 0.1318487673997879
epoch 37, train loss : 0.11959907412528992
epoch 38, train loss : 0.10347047448158264
epoch 39, train loss : 0.10276734828948975
epoch 40, train loss : 0.11187435686588287
iou : 0.279070806962589
alignment : inf
overlap : 6.0275584104727695
eval loss : 0.003389203571714461
epoch 41, train loss : 0.12461164593696594
epoch 42, train loss : 0.09722926467657089
epoch 43, train loss : 0.10926380753517151
epoch 44, train loss : 0.09744115173816681
epoch 45, train loss : 0.09255039691925049
iou : 0.25296328500865906
alignment : inf
overlap : 5.546425957742442
eval loss : 0.0031299289548769593
epoch 46, train loss : 0.08599124103784561
epoch 47, train loss : 0.08925579488277435
epoch 48, train loss : 0.07847394794225693
epoch 49, train loss : 0.10822799801826477
epoch 50, train loss : 0.10249797999858856
iou : 0.26446470761795493
alignment : inf
overlap : 5.763506878187643
eval loss : 0.0028083057841286063
