epoch 0, train loss : 0.06158361956477165
iou : 0.27737781439937803
alignment : 0.0036353042961219883
overlap : 6.023342145550321
eval loss : 0.00039483396722062025
epoch 1, train loss : 0.05852155387401581
epoch 2, train loss : 0.04100453108549118
epoch 3, train loss : 0.03896219655871391
epoch 4, train loss : 0.042944472283124924
epoch 5, train loss : 0.04044393450021744
iou : 0.2774039745151764
alignment : 0.0036345021472492713
overlap : 6.022824057345366
eval loss : 4.2275106579836574e-05
epoch 6, train loss : 0.05197948217391968
epoch 7, train loss : 0.032705165445804596
epoch 8, train loss : 0.05051610618829727
epoch 9, train loss : 0.02310902066528797
epoch 10, train loss : 0.03706486523151398
iou : 0.277408505633576
alignment : 0.0036343793359935256
overlap : 6.02392392325551
eval loss : 1.0760815058574735e-05
epoch 11, train loss : 0.03375422954559326
epoch 12, train loss : 0.02897113747894764
epoch 13, train loss : 0.04710330069065094
epoch 14, train loss : 0.02864442951977253
epoch 15, train loss : 0.029419777914881706
iou : 0.2774029910467573
alignment : 0.0036349962990550305
overlap : 6.023018822678202
eval loss : 8.892518039260722e-06
epoch 16, train loss : 0.04345453903079033
epoch 17, train loss : 0.022477157413959503
epoch 18, train loss : 0.024760887026786804
epoch 19, train loss : 0.040051672607660294
epoch 20, train loss : 0.029720377177000046
iou : 0.2774743577385564
alignment : 0.0036345650062685336
overlap : 6.025881652628765
eval loss : 1.0197309933346332e-05
epoch 21, train loss : 0.033722423017024994
epoch 22, train loss : 0.04090229421854019
epoch 23, train loss : 0.034326985478401184
epoch 24, train loss : 0.01960649900138378
epoch 25, train loss : 0.02690119296312332
iou : 0.2774146141824418
alignment : 0.003634194634646112
overlap : 6.023382475904333
eval loss : 3.2314104245756425e-06
epoch 26, train loss : 0.027309931814670563
epoch 27, train loss : 0.052227385342121124
epoch 28, train loss : 0.03611723333597183
epoch 29, train loss : 0.004448701627552509
epoch 30, train loss : 0.04179871454834938
iou : 0.2773747289365001
alignment : 0.0036343795782254234
overlap : 6.023102026071406
eval loss : 7.500631795664958e-06
epoch 31, train loss : 0.024181891232728958
epoch 32, train loss : 0.02914315089583397
epoch 33, train loss : 0.02580312266945839
epoch 34, train loss : 0.02041451446712017
epoch 35, train loss : 0.033286187797784805
iou : 0.2773850034138478
alignment : 0.0036345019050173736
overlap : 6.023425778124845
eval loss : 4.1957227026045985e-06
epoch 36, train loss : 0.038425445556640625
epoch 37, train loss : 0.028927965089678764
epoch 38, train loss : 0.02003416419029236
epoch 39, train loss : 0.03187846392393112
epoch 40, train loss : 0.02750544063746929
iou : 0.2773971792683361
alignment : 0.003635181484866242
overlap : 6.022932801066248
eval loss : 4.210443311336576e-06
epoch 41, train loss : 0.035990893840789795
epoch 42, train loss : 0.021349098533391953
epoch 43, train loss : 0.03573545441031456
epoch 44, train loss : 0.03131919354200363
epoch 45, train loss : 0.015254206955432892
iou : 0.2773950805083073
alignment : 0.003635119837006472
overlap : 6.023110647418487
eval loss : 3.746397176485061e-06
epoch 46, train loss : 0.040291693061590195
epoch 47, train loss : 0.0345541313290596
epoch 48, train loss : 0.033098433166742325
epoch 49, train loss : 0.030950240790843964
